<?xml version="1.0" encoding="UTF-8"?>
<!-- Generated by org.testng.reporters.JUnitReportReporter -->
<testsuite hostname="MININT-1THSRSO" failures="0" tests="4" name="depenencybymethos_groups.groupby" time="0.014" errors="0" timestamp="2021-05-13T08:36:28 PDT" skipped="0">
  <testcase classname="depenencybymethos_groups.groupby" name="cab" time="0.002"/>
  <system-out/>
  <testcase classname="depenencybymethos_groups.groupby" name="bac" time="0.008"/>
  <system-out/>
  <testcase classname="depenencybymethos_groups.groupby" name="dcab" time="0.002"/>
  <system-out/>
  <testcase classname="depenencybymethos_groups.groupby" name="abc" time="0.002"/>
  <system-out/>
</testsuite> <!-- depenencybymethos_groups.groupby -->
