<?xml version="1.0" encoding="UTF-8"?>
<!-- Generated by org.testng.reporters.JUnitReportReporter -->
<testsuite hostname="MININT-1THSRSO" failures="0" tests="2" name="listeners.Listenerclass1" time="0.010" errors="0" timestamp="2021-05-11T23:20:02 PDT" skipped="0">
  <testcase classname="listeners.Listenerclass1" name="test2" time="0.002"/>
  <system-out/>
  <testcase classname="listeners.Listenerclass1" name="test1" time="0.008"/>
  <system-out/>
</testsuite> <!-- listeners.Listenerclass1 -->
