<?xml version="1.0" encoding="UTF-8"?>
<!-- Generated by org.testng.reporters.JUnitReportReporter -->
<testsuite hostname="MININT-1THSRSO" failures="0" tests="1" name="tests.GoogleSearchTest_TestNG1" time="8.864" errors="0" timestamp="2021-05-06T06:08:34 PDT" skipped="0">
  <testcase classname="tests.GoogleSearchTest_TestNG1" name="GoogleSearchtestpage_one" time="8.864"/>
  <system-out/>
</testsuite> <!-- tests.GoogleSearchTest_TestNG1 -->
