<?xml version="1.0" encoding="UTF-8"?>
<!-- Generated by org.testng.reporters.JUnitReportReporter -->
<testsuite hostname="MININT-1THSRSO" failures="0" tests="2" name="utils.ExcelDataProvider" time="6.875" errors="0" timestamp="2021-05-09T00:55:36 PDT" skipped="0">
  <testcase classname="utils.ExcelDataProvider" name="test1" time="2.496"/>
  <system-out/>
  <testcase classname="utils.ExcelDataProvider" name="test1" time="4.379"/>
  <system-out/>
</testsuite> <!-- utils.ExcelDataProvider -->
