<?xml version="1.0" encoding="UTF-8"?>
<!-- Generated by org.testng.reporters.JUnitReportReporter -->
<testsuite hostname="MININT-1THSRSO" failures="0" tests="3" name="ignore_test.ignore_method" time="0.008" errors="0" timestamp="2021-05-15T06:05:23 PDT" skipped="1">
  <testcase classname="ignore_test.ignore_method" name="test2" time="0.007"/>
  <system-out/>
  <testcase classname="ignore_test.ignore_method" name="test3" time="0.001"/>
  <system-out/>
  <testcase classname="ignore_test.ignore_method" name="test1">
    <skipped/>
  </testcase> <!-- test1 -->
  <system-out/>
</testsuite> <!-- ignore_test.ignore_method -->
