<?xml version="1.0" encoding="UTF-8"?>
<!-- Generated by org.testng.reporters.JUnitReportReporter -->
<testsuite hostname="MININT-1THSRSO" failures="0" tests="1" name="KatalonRecorder.Login" time="8.247" errors="0" timestamp="2021-05-15T08:07:02 PDT" skipped="0">
  <testcase classname="KatalonRecorder.Login" name="testLogin" time="8.247"/>
  <system-out/>
</testsuite> <!-- KatalonRecorder.Login -->
