<?xml version="1.0" encoding="UTF-8"?>
<!-- Generated by org.testng.reporters.JUnitReportReporter -->
<testsuite hostname="MININT-1THSRSO" failures="0" tests="3" name="priority" time="0.011" errors="0" timestamp="2021-05-11T23:36:26 PDT" skipped="0">
  <testcase classname="priority" name="two" time="0.003"/>
  <system-out/>
  <testcase classname="priority" name="three" time="0.007"/>
  <system-out/>
  <testcase classname="priority" name="one" time="0.001"/>
  <system-out/>
</testsuite> <!-- priority -->
