<?xml version="1.0" encoding="UTF-8"?>
<!-- Generated by org.testng.reporters.JUnitReportReporter -->
<testsuite hostname="MININT-1THSRSO" failures="0" tests="1" name="demo.Parameters_howtouse" time="0.013" errors="0" timestamp="2021-05-12T23:19:02 PDT" skipped="0">
  <testcase classname="demo.Parameters_howtouse" name="test1" time="0.013"/>
  <system-out/>
</testsuite> <!-- demo.Parameters_howtouse -->
