<?xml version="1.0" encoding="UTF-8"?>
<!-- Generated by org.testng.reporters.JUnitReportReporter -->
<testsuite hostname="MININT-1THSRSO" failures="0" tests="4" name="TestNGGrouping.TestNG_group" time="0.012" errors="0" timestamp="2021-05-12T17:23:20 PDT" skipped="0">
  <testcase classname="TestNGGrouping.TestNG_group" name="test6" time="0.002"/>
  <system-out/>
  <testcase classname="TestNGGrouping.TestNG_group" name="test1" time="0.007"/>
  <system-out/>
  <testcase classname="TestNGGrouping.TestNG_group" name="test4" time="0.002"/>
  <system-out/>
  <testcase classname="TestNGGrouping.TestNG_group" name="test2" time="0.001"/>
  <system-out/>
</testsuite> <!-- TestNGGrouping.TestNG_group -->
