<?xml version="1.0" encoding="UTF-8"?>
<!-- Generated by org.testng.reporters.JUnitReportReporter -->
<testsuite hostname="MININT-1THSRSO" failures="0" tests="4" name="depenencybymethos_groups.groupbymethos" time="0.014" errors="0" timestamp="2021-05-13T08:35:47 PDT" skipped="0">
  <testcase classname="depenencybymethos_groups.groupbymethos" name="cab" time="0.001"/>
  <system-out/>
  <testcase classname="depenencybymethos_groups.groupbymethos" name="abc" time="0.001"/>
  <system-out/>
  <testcase classname="depenencybymethos_groups.groupbymethos" name="dcab" time="0.003"/>
  <system-out/>
  <testcase classname="depenencybymethos_groups.groupbymethos" name="bac" time="0.009"/>
  <system-out/>
</testsuite> <!-- depenencybymethos_groups.groupbymethos -->
