<?xml version="1.0" encoding="UTF-8"?>
<!-- Generated by org.testng.reporters.JUnitReportReporter -->
<testsuite hostname="MININT-1THSRSO" failures="0" tests="1" name="GoogleSearchTest_TestNG_EXtentReports" time="0.009" errors="0" timestamp="2021-05-06T00:38:13 PDT" skipped="0">
  <testcase classname="GoogleSearchTest_TestNG_EXtentReports" name="f" time="0.009"/>
  <system-out/>
</testsuite> <!-- GoogleSearchTest_TestNG_EXtentReports -->
